mode: atomic
Codenotary/internal/immuDB/client.go:25.92,35.16 8 0
Codenotary/internal/immuDB/client.go:39.2,39.60 1 0
Codenotary/internal/immuDB/client.go:35.16,37.3 1 0
Codenotary/internal/immuDB/client.go:42.122,43.27 1 0
Codenotary/internal/immuDB/client.go:54.2,54.24 1 0
Codenotary/internal/immuDB/client.go:43.27,52.3 1 0
Codenotary/internal/immuDB/client.go:57.124,62.16 4 0
Codenotary/internal/immuDB/client.go:66.2,70.16 4 0
Codenotary/internal/immuDB/client.go:75.2,75.21 1 0
Codenotary/internal/immuDB/client.go:62.16,64.3 1 0
Codenotary/internal/immuDB/client.go:70.16,73.3 2 0
Codenotary/internal/immuDB/client.go:78.56,84.2 1 0
Codenotary/internal/immuDB/client.go:86.73,88.2 1 0
Codenotary/internal/immuDB/httpHelper.go:19.45,22.16 2 0
Codenotary/internal/immuDB/httpHelper.go:27.2,27.25 1 0
Codenotary/internal/immuDB/httpHelper.go:39.2,40.16 2 0
Codenotary/internal/immuDB/httpHelper.go:45.2,45.28 1 0
Codenotary/internal/immuDB/httpHelper.go:50.2,59.16 6 0
Codenotary/internal/immuDB/httpHelper.go:63.2,63.16 1 0
Codenotary/internal/immuDB/httpHelper.go:67.2,68.16 2 0
Codenotary/internal/immuDB/httpHelper.go:72.2,74.37 2 0
Codenotary/internal/immuDB/httpHelper.go:78.2,81.16 3 0
Codenotary/internal/immuDB/httpHelper.go:86.2,86.28 1 0
Codenotary/internal/immuDB/httpHelper.go:22.16,24.3 1 0
Codenotary/internal/immuDB/httpHelper.go:27.25,30.37 2 0
Codenotary/internal/immuDB/httpHelper.go:35.3,35.26 1 0
Codenotary/internal/immuDB/httpHelper.go:30.37,33.4 1 0
Codenotary/internal/immuDB/httpHelper.go:40.16,42.3 1 0
Codenotary/internal/immuDB/httpHelper.go:45.28,47.3 1 0
Codenotary/internal/immuDB/httpHelper.go:59.16,61.3 1 0
Codenotary/internal/immuDB/httpHelper.go:63.16,65.3 1 0
Codenotary/internal/immuDB/httpHelper.go:68.16,70.3 1 0
Codenotary/internal/immuDB/httpHelper.go:74.37,76.3 1 0
Codenotary/internal/immuDB/httpHelper.go:81.16,84.3 2 0
